<?xml version="1.0" encoding="UTF-8"?>
<!-- Generated by org.testng.reporters.JUnitReportReporter -->
<testsuite hostname="user1s-MacBook-Pro.local" failures="0" tests="1" name="steps.TestMain" time="13.346" errors="0" timestamp="2023-12-22T17:19:04 EST" skipped="0">
  <testcase classname="steps.TestMain" name="loginAndCreateUserTest" time="13.346"/>
  <system-out/>
</testsuite> <!-- steps.TestMain -->
